<?xml version="1.0" encoding="UTF-8"?>
<!-- Generated by org.testng.reporters.JUnitXMLReporter -->
<testsuite ignored="0" hostname="Arnus-MacBook-Air.local" failures="1" tests="4" name="Surefire test" time="34.17" errors="0" timestamp="2024-11-20T16:25:51 IST">
  <testcase classname="io.cucumber.testng.AbstractTestNGCucumberTests" name="runScenario" time="17.084"/>
  <testcase classname="io.cucumber.testng.AbstractTestNGCucumberTests" name="runScenario" time="17.42"/>
  <testcase classname="io.cucumber.testng.AbstractTestNGCucumberTests" name="runScenario" time="17.894"/>
  <testcase classname="io.cucumber.testng.AbstractTestNGCucumberTests" name="runScenario" time="33.692">
    <failure type="java.lang.AssertionError" message="expected [Beetroot] but found [No data]">
      <![CDATA[java.lang.AssertionError: expected [Beetroot] but found [No data]
at stepDefinations.OffersPageStepDefination.validate_product_name_in_offers_page_matches_with_Landing_page(OffersPageStepDefination.java:50)
at âœ½.Validate product name in offers page matches with Landing page(file:///Users/arnu/Desktop/Eclipse/CucumberJavaFramework/src/test/java/features/searchProduct.feature:10)
... Removed 6 stack frames]]>
    </failure>
  </testcase> <!-- runScenario -->
</testsuite> <!-- Surefire test -->
